2019-03-11 23:59:45 INFO  AbstractManagerFactory:54 - Before try to build entity manager factory
2019-03-11 23:59:45 INFO  AbstractManagerFactory:55 - Package with database model: com.soinsoftware.vissa.model
2019-03-11 23:59:45 INFO  AbstractManagerFactory:56 - Property file: /connection.properties
2019-03-11 23:59:46 INFO  AbstractManagerFactory:133 - Property file loaded successfuly
2019-03-11 23:59:46 INFO  HikariDataSource:79 - HikariCP pool HikariPool-0 is starting.
2019-03-11 23:59:48 INFO  LocalContainerEntityManagerFactoryBean:349 - Building JPA container EntityManagerFactory for persistence unit 'Vissa'
2019-03-11 23:59:48 INFO  LogHelper:31 - HHH000204: Processing PersistenceUnitInfo [
	name: Vissa
	...]
2019-03-11 23:59:48 INFO  Version:37 - HHH000412: Hibernate Core {5.1.7.Final}
2019-03-11 23:59:48 INFO  Environment:213 - HHH000206: hibernate.properties not found
2019-03-11 23:59:48 INFO  Environment:317 - HHH000021: Bytecode provider name : javassist
2019-03-11 23:59:48 INFO  Version:66 - HCANN000001: Hibernate Commons Annotations {5.0.1.Final}
2019-03-11 23:59:49 INFO  Dialect:156 - HHH000400: Using dialect: org.hibernate.dialect.MySQL5Dialect
2019-03-11 23:59:51 INFO  Version:26 - HSEARCH000034: Hibernate Search 5.7.1.Final
2019-03-11 23:59:53 INFO  LocalContainerEntityManagerFactoryBean:379 - Initialized JPA EntityManagerFactory for persistence unit 'Vissa'
2019-03-11 23:59:53 INFO  AbstractManagerFactory:105 - After building entity manager factory
2019-03-11 23:59:53 INFO  VissaClient:28 - Lotes por vencer1
2019-03-12 21:16:30 ERROR CommonsConstants:61 - Error al cargar propiedades./resources/vissa-notification.properties
java.io.FileNotFoundException: .\resources\vissa-notification.properties (El sistema no puede encontrar la ruta especificada)
	at java.io.FileInputStream.open(Native Method)
	at java.io.FileInputStream.<init>(FileInputStream.java:138)
	at java.io.FileInputStream.<init>(FileInputStream.java:93)
	at com.soinsoftware.vissa.commons.PropertiesReader.loadProperties(PropertiesReader.java:32)
	at com.soinsoftware.vissa.commons.CommonsConstants.reloadProperties(CommonsConstants.java:56)
	at com.soinsoftware.vissa.commons.CommonsConstants.<clinit>(CommonsConstants.java:48)
	at com.soinsoftware.vissa.util.SmsGenerator.main(SmsGenerator.java:14)
2019-03-12 21:17:26 ERROR CommonsConstants:37 - Error al cargar propiedades/resources/vissa-notification.properties
java.io.FileNotFoundException: \resources\vissa-notification.properties (El sistema no puede encontrar la ruta especificada)
	at java.io.FileInputStream.open(Native Method)
	at java.io.FileInputStream.<init>(FileInputStream.java:138)
	at java.io.FileInputStream.<init>(FileInputStream.java:93)
	at com.soinsoftware.vissa.commons.PropertiesReader.loadProperties(PropertiesReader.java:32)
	at com.soinsoftware.vissa.commons.CommonsConstants.reloadProperties(CommonsConstants.java:32)
	at com.soinsoftware.vissa.commons.CommonsConstants.<clinit>(CommonsConstants.java:24)
	at com.soinsoftware.vissa.util.SmsGenerator.main(SmsGenerator.java:14)
2019-03-12 21:59:13 INFO  SmsGenerator:34 - SM0607e4c8f8694029919531ca6611e3dd
2019-03-12 21:59:14 INFO  SmsGenerator:34 - SMe4e8d0cf6334479e877912bf4529d3eb
2019-03-12 22:14:50 INFO  SmsGenerator:35 - SM4465ffb963eb4c468faae984ebfe870b
2019-03-12 22:15:01 ERROR VissaClient:45 - No hay días de validación para fecha de vencimiennto configurados: null
2019-03-12 22:15:36 ERROR VissaClient:45 - No hay días de validación para fecha de vencimiennto configurados: null
2019-03-12 22:16:18 ERROR CommonsConstants:47 - Error al cargar propiedades: C:\Users\carlosandres\git\vissa-notifications\src\main\resources\vissa-notification.properties
java.lang.NumberFormatException: For input string: "3;"
	at java.lang.NumberFormatException.forInputString(NumberFormatException.java:65)
	at java.lang.Integer.parseInt(Integer.java:580)
	at java.lang.Integer.parseInt(Integer.java:615)
	at com.soinsoftware.vissa.commons.CommonsConstants.reloadProperties(CommonsConstants.java:43)
	at com.soinsoftware.vissa.commons.CommonsConstants.<clinit>(CommonsConstants.java:21)
	at com.soinsoftware.vissa.client.VissaClient.getProductsToExpire(VissaClient.java:26)
	at com.soinsoftware.vissa.client.VissaClient.main(VissaClient.java:20)
2019-03-12 22:17:02 INFO  AbstractManagerFactory:54 - Before try to build entity manager factory
2019-03-12 22:17:02 INFO  AbstractManagerFactory:55 - Package with database model: com.soinsoftware.vissa.model
2019-03-12 22:17:02 INFO  AbstractManagerFactory:56 - Property file: /connection.properties
2019-03-12 22:17:03 INFO  AbstractManagerFactory:133 - Property file loaded successfuly
2019-03-12 22:17:03 INFO  HikariDataSource:79 - HikariCP pool HikariPool-0 is starting.
2019-03-12 22:17:07 INFO  LocalContainerEntityManagerFactoryBean:349 - Building JPA container EntityManagerFactory for persistence unit 'Vissa'
2019-03-12 22:17:07 INFO  LogHelper:31 - HHH000204: Processing PersistenceUnitInfo [
	name: Vissa
	...]
2019-03-12 22:17:07 INFO  Version:37 - HHH000412: Hibernate Core {5.1.7.Final}
2019-03-12 22:17:07 INFO  Environment:213 - HHH000206: hibernate.properties not found
2019-03-12 22:17:07 INFO  Environment:317 - HHH000021: Bytecode provider name : javassist
2019-03-12 22:17:08 INFO  Version:66 - HCANN000001: Hibernate Commons Annotations {5.0.1.Final}
2019-03-12 22:17:08 INFO  Dialect:156 - HHH000400: Using dialect: org.hibernate.dialect.MySQL5Dialect
2019-03-12 22:17:10 INFO  Version:26 - HSEARCH000034: Hibernate Search 5.7.1.Final
2019-03-12 22:17:11 INFO  LocalContainerEntityManagerFactoryBean:379 - Initialized JPA EntityManagerFactory for persistence unit 'Vissa'
2019-03-12 22:17:11 INFO  AbstractManagerFactory:105 - After building entity manager factory
2019-03-12 22:17:12 INFO  VissaClient:32 - Cantidad de lotes por vencer: 1
2019-03-12 22:17:15 INFO  SmsGenerator:35 - SMd22ea897b73d4f89b7a3d4904a5636ce
2019-03-12 22:19:22 INFO  AbstractManagerFactory:54 - Before try to build entity manager factory
2019-03-12 22:19:22 INFO  AbstractManagerFactory:55 - Package with database model: com.soinsoftware.vissa.model
2019-03-12 22:19:22 INFO  AbstractManagerFactory:56 - Property file: /connection.properties
2019-03-12 22:19:23 INFO  AbstractManagerFactory:133 - Property file loaded successfuly
2019-03-12 22:19:23 INFO  HikariDataSource:79 - HikariCP pool HikariPool-0 is starting.
2019-03-12 22:19:24 INFO  LocalContainerEntityManagerFactoryBean:349 - Building JPA container EntityManagerFactory for persistence unit 'Vissa'
2019-03-12 22:19:24 INFO  LogHelper:31 - HHH000204: Processing PersistenceUnitInfo [
	name: Vissa
	...]
2019-03-12 22:19:24 INFO  Version:37 - HHH000412: Hibernate Core {5.1.7.Final}
2019-03-12 22:19:24 INFO  Environment:213 - HHH000206: hibernate.properties not found
2019-03-12 22:19:24 INFO  Environment:317 - HHH000021: Bytecode provider name : javassist
2019-03-12 22:19:24 INFO  Version:66 - HCANN000001: Hibernate Commons Annotations {5.0.1.Final}
2019-03-12 22:19:24 INFO  Dialect:156 - HHH000400: Using dialect: org.hibernate.dialect.MySQL5Dialect
2019-03-12 22:19:26 INFO  Version:26 - HSEARCH000034: Hibernate Search 5.7.1.Final
2019-03-12 22:19:27 INFO  LocalContainerEntityManagerFactoryBean:379 - Initialized JPA EntityManagerFactory for persistence unit 'Vissa'
2019-03-12 22:19:27 INFO  AbstractManagerFactory:105 - After building entity manager factory
2019-03-12 22:19:27 INFO  VissaClient:32 - Cantidad de lotes por vencer: 1
2019-03-12 22:19:29 INFO  SmsGenerator:35 - SM93609216bae24317a384ee7a416ac052
2019-03-12 22:21:49 INFO  AbstractManagerFactory:54 - Before try to build entity manager factory
2019-03-12 22:21:49 INFO  AbstractManagerFactory:55 - Package with database model: com.soinsoftware.vissa.model
2019-03-12 22:21:49 INFO  AbstractManagerFactory:56 - Property file: /connection.properties
2019-03-12 22:21:49 INFO  AbstractManagerFactory:133 - Property file loaded successfuly
2019-03-12 22:21:49 INFO  HikariDataSource:79 - HikariCP pool HikariPool-0 is starting.
2019-03-12 22:21:50 INFO  LocalContainerEntityManagerFactoryBean:349 - Building JPA container EntityManagerFactory for persistence unit 'Vissa'
2019-03-12 22:21:50 INFO  LogHelper:31 - HHH000204: Processing PersistenceUnitInfo [
	name: Vissa
	...]
2019-03-12 22:21:51 INFO  Version:37 - HHH000412: Hibernate Core {5.1.7.Final}
2019-03-12 22:21:51 INFO  Environment:213 - HHH000206: hibernate.properties not found
2019-03-12 22:21:51 INFO  Environment:317 - HHH000021: Bytecode provider name : javassist
2019-03-12 22:21:51 INFO  Version:66 - HCANN000001: Hibernate Commons Annotations {5.0.1.Final}
2019-03-12 22:21:51 INFO  Dialect:156 - HHH000400: Using dialect: org.hibernate.dialect.MySQL5Dialect
2019-03-12 22:21:52 INFO  Version:26 - HSEARCH000034: Hibernate Search 5.7.1.Final
2019-03-12 22:21:53 INFO  LocalContainerEntityManagerFactoryBean:379 - Initialized JPA EntityManagerFactory for persistence unit 'Vissa'
2019-03-12 22:21:53 INFO  AbstractManagerFactory:105 - After building entity manager factory
2019-03-12 22:21:54 INFO  VissaClient:32 - Cantidad de lotes por vencer: 1
2019-03-12 22:21:56 INFO  SmsGenerator:35 - SMd6c916fd07794549808efd4a1112bb03
2019-03-12 22:23:24 INFO  AbstractManagerFactory:54 - Before try to build entity manager factory
2019-03-12 22:23:24 INFO  AbstractManagerFactory:55 - Package with database model: com.soinsoftware.vissa.model
2019-03-12 22:23:24 INFO  AbstractManagerFactory:56 - Property file: /connection.properties
2019-03-12 22:23:25 INFO  AbstractManagerFactory:133 - Property file loaded successfuly
2019-03-12 22:23:25 INFO  HikariDataSource:79 - HikariCP pool HikariPool-0 is starting.
2019-03-12 22:23:26 INFO  LocalContainerEntityManagerFactoryBean:349 - Building JPA container EntityManagerFactory for persistence unit 'Vissa'
2019-03-12 22:23:26 INFO  LogHelper:31 - HHH000204: Processing PersistenceUnitInfo [
	name: Vissa
	...]
2019-03-12 22:23:26 INFO  Version:37 - HHH000412: Hibernate Core {5.1.7.Final}
2019-03-12 22:23:26 INFO  Environment:213 - HHH000206: hibernate.properties not found
2019-03-12 22:23:26 INFO  Environment:317 - HHH000021: Bytecode provider name : javassist
2019-03-12 22:23:26 INFO  Version:66 - HCANN000001: Hibernate Commons Annotations {5.0.1.Final}
2019-03-12 22:23:26 INFO  Dialect:156 - HHH000400: Using dialect: org.hibernate.dialect.MySQL5Dialect
2019-03-12 22:23:28 INFO  Version:26 - HSEARCH000034: Hibernate Search 5.7.1.Final
2019-03-12 22:23:29 INFO  LocalContainerEntityManagerFactoryBean:379 - Initialized JPA EntityManagerFactory for persistence unit 'Vissa'
2019-03-12 22:23:29 INFO  AbstractManagerFactory:105 - After building entity manager factory
2019-03-12 22:23:29 INFO  VissaClient:32 - Cantidad de lotes por vencer: 1
2019-03-12 22:23:31 INFO  SmsGenerator:35 - SM1b74ff5e59e844f1a59674d26b102338
2019-03-12 22:50:07 INFO  AbstractManagerFactory:54 - Before try to build entity manager factory
2019-03-12 22:50:07 INFO  AbstractManagerFactory:55 - Package with database model: com.soinsoftware.vissa.model
2019-03-12 22:50:07 INFO  AbstractManagerFactory:56 - Property file: /connection.properties
2019-03-12 22:50:10 INFO  AbstractManagerFactory:133 - Property file loaded successfuly
2019-03-12 22:50:10 INFO  HikariDataSource:79 - HikariCP pool HikariPool-0 is starting.
2019-03-12 22:50:13 INFO  LocalContainerEntityManagerFactoryBean:349 - Building JPA container EntityManagerFactory for persistence unit 'Vissa'
2019-03-12 22:50:13 INFO  LogHelper:31 - HHH000204: Processing PersistenceUnitInfo [
	name: Vissa
	...]
2019-03-12 22:50:13 INFO  Version:37 - HHH000412: Hibernate Core {5.1.7.Final}
2019-03-12 22:50:13 INFO  Environment:213 - HHH000206: hibernate.properties not found
2019-03-12 22:50:13 INFO  Environment:317 - HHH000021: Bytecode provider name : javassist
2019-03-12 22:50:14 INFO  Version:66 - HCANN000001: Hibernate Commons Annotations {5.0.1.Final}
2019-03-12 22:50:14 INFO  Dialect:156 - HHH000400: Using dialect: org.hibernate.dialect.MySQL5Dialect
